<?xml version="1.0" encoding="UTF-8"?>
<testsuite xmlns:xsi="http://www.w3.org/2001/XMLSchema-instance" xsi:noNamespaceSchemaLocation="https://maven.apache.org/surefire/maven-surefire-plugin/xsd/surefire-test-report.xsd" version="3.0.2" name="spec.com.magrathea.trustengine.domain.kms.KeySpec" time="0.003" tests="5" errors="0" skipped="0" failures="0">
  <properties>
[...]
</properties>
  <testcase name="it_is_constructible" classname="spec.com.magrathea.trustengine.domain.kms.KeySpec" time="0.0"/>
  <testcase name="it_has_algorithm" classname="spec.com.magrathea.trustengine.domain.kms.KeySpec" time="0.0"/>
  <testcase name="it_has_usage" classname="spec.com.magrathea.trustengine.domain.kms.KeySpec" time="0.001"/>
  <testcase name="it_has_label" classname="spec.com.magrathea.trustengine.domain.kms.KeySpec" time="0.0"/>
  <testcase name="it_has_id" classname="spec.com.magrathea.trustengine.domain.kms.KeySpec" time="0.0"/>
</testsuite>